<?xml version="1.0" encoding="UTF-8"?>
<testsuite name="org.jf.smali.LexerTest" tests="14" skipped="0" failures="0" errors="0" timestamp="2017-10-24T13:58:11" hostname="ubuntu" time="0.141">
  <properties/>
  <testcase name="DirectiveTest" classname="org.jf.smali.LexerTest" time="0.019"/>
  <testcase name="ByteLiteralTest" classname="org.jf.smali.LexerTest" time="0.012"/>
  <testcase name="ShortLiteralTest" classname="org.jf.smali.LexerTest" time="0.003"/>
  <testcase name="IntegerLiteralTest" classname="org.jf.smali.LexerTest" time="0.002"/>
  <testcase name="LongLiteralTest" classname="org.jf.smali.LexerTest" time="0.011"/>
  <testcase name="FloatLiteralTest" classname="org.jf.smali.LexerTest" time="0.017"/>
  <testcase name="CharLiteralTest" classname="org.jf.smali.LexerTest" time="0.006"/>
  <testcase name="StringLiteralTest" classname="org.jf.smali.LexerTest" time="0.006"/>
  <testcase name="MiscTest" classname="org.jf.smali.LexerTest" time="0.006"/>
  <testcase name="CommentTest" classname="org.jf.smali.LexerTest" time="0.002"/>
  <testcase name="InstructionTest" classname="org.jf.smali.LexerTest" time="0.024"/>
  <testcase name="TypeAndIdentifierTest" classname="org.jf.smali.LexerTest" time="0.011"/>
  <testcase name="SymbolTest" classname="org.jf.smali.LexerTest" time="0.005"/>
  <testcase name="RealSmaliFileTest" classname="org.jf.smali.LexerTest" time="0.012"/>
  <system-out><![CDATA[]]></system-out>
  <system-err><![CDATA[]]></system-err>
</testsuite>
