<?xml version="1.0" encoding="UTF-8"?>
<testsuite name="org.jf.smali.IntLiteralTest" tests="14" skipped="0" failures="0" errors="0" timestamp="2017-10-24T13:58:10" hostname="ubuntu" time="0.03">
  <properties/>
  <testcase name="FaileHexTest1" classname="org.jf.smali.IntLiteralTest" time="0.019"/>
  <testcase name="SuccessHexTests" classname="org.jf.smali.IntLiteralTest" time="0.001"/>
  <testcase name="FailHexTest2" classname="org.jf.smali.IntLiteralTest" time="0.0"/>
  <testcase name="FailHexTest3" classname="org.jf.smali.IntLiteralTest" time="0.001"/>
  <testcase name="SuccessDecTests" classname="org.jf.smali.IntLiteralTest" time="0.0"/>
  <testcase name="FaileDecTest1" classname="org.jf.smali.IntLiteralTest" time="0.0"/>
  <testcase name="FailDecTest2" classname="org.jf.smali.IntLiteralTest" time="0.0"/>
  <testcase name="FailDecTest3" classname="org.jf.smali.IntLiteralTest" time="0.001"/>
  <testcase name="FailDecTest4" classname="org.jf.smali.IntLiteralTest" time="0.0"/>
  <testcase name="FailDecTest5" classname="org.jf.smali.IntLiteralTest" time="0.0"/>
  <testcase name="SuccessOctTests" classname="org.jf.smali.IntLiteralTest" time="0.001"/>
  <testcase name="FaileOctTest1" classname="org.jf.smali.IntLiteralTest" time="0.0"/>
  <testcase name="FailOctTest2" classname="org.jf.smali.IntLiteralTest" time="0.0"/>
  <testcase name="FailOctTest3" classname="org.jf.smali.IntLiteralTest" time="0.002"/>
  <system-out><![CDATA[]]></system-out>
  <system-err><![CDATA[]]></system-err>
</testsuite>
